<?xml version="1.0" encoding="UTF-8"?>
<testng-results ignored="0" total="2" passed="2" failed="0" skipped="0">
  <reporter-output>
  </reporter-output>
  <suite started-at="2023-11-24T18:49:27 IST" name="Default suite" finished-at="2023-11-24T18:49:27 IST" duration-ms="49">
    <groups>
    </groups>
    <test started-at="2023-11-24T18:49:27 IST" name="Default test" finished-at="2023-11-24T18:49:27 IST" duration-ms="49">
      <class name="com.TestNG.Annotations2">
        <test-method is-config="true" signature="gmailApplicationLaunch()[pri:0, instance:com.TestNG.Annotations2@4d5b6aac]" started-at="2023-11-24T18:49:27 IST" name="gmailApplicationLaunch" finished-at="2023-11-24T18:49:27 IST" duration-ms="5" status="PASS">
          <reporter-output>
          </reporter-output>
        </test-method> <!-- gmailApplicationLaunch -->
        <test-method signature="gmailApplicatioLoginTest()[pri:1, instance:com.TestNG.Annotations2@4d5b6aac]" started-at="2023-11-24T18:49:27 IST" name="gmailApplicatioLoginTest" description="Validating Gmail Apllication Login Page" finished-at="2023-11-24T18:49:27 IST" duration-ms="5" status="PASS">
          <reporter-output>
          </reporter-output>
        </test-method> <!-- gmailApplicatioLoginTest -->
        <test-method signature="GmailApplicationInBoxTest()[pri:2, instance:com.TestNG.Annotations2@4d5b6aac]" started-at="2023-11-24T18:49:27 IST" name="GmailApplicationInBoxTest" description="Validating Gmail Application InBox Page" finished-at="2023-11-24T18:49:27 IST" duration-ms="2" status="PASS">
          <reporter-output>
          </reporter-output>
        </test-method> <!-- GmailApplicationInBoxTest -->
        <test-method is-config="true" signature="gmailApplicationClose()[pri:0, instance:com.TestNG.Annotations2@4d5b6aac]" started-at="2023-11-24T18:49:27 IST" name="gmailApplicationClose" finished-at="2023-11-24T18:49:27 IST" duration-ms="0" status="PASS">
          <reporter-output>
          </reporter-output>
        </test-method> <!-- gmailApplicationClose -->
      </class> <!-- com.TestNG.Annotations2 -->
    </test> <!-- Default test -->
  </suite> <!-- Default suite -->
</testng-results>
