<?xml version="1.0" encoding="UTF-8"?>
<!-- Generated by org.testng.reporters.JUnitXMLReporter -->
<testsuite ignored="0" hostname="DESKTOP-6JDPSUH" failures="0" tests="9" name="Default test" time="31.828" errors="0" timestamp="2023-11-25T16:09:10 IST">
  <testcase classname="com.OrangeHRMApplicationTestCases.OrangeHRMLoginPageTest" name="validatingLoginPanelTextTest" time="0.082"/>
  <testcase classname="com.OrangeHRMApplicationTestCases.OrangeHRMLoginPageTest" name="validatingLoginPageLogoTest" time="0.084"/>
  <testcase classname="com.OrangeHRMApplicationTestCases.OrangeHRMLoginPageTest" name="validatingLoginFunctionalityTest" time="1.583"/>
  <testcase classname="com.OrangeHRMApplicationTestCases.OrangeHRMLoginPageTest" name="validatingOrangeHRMApplicationForgotPasswordFunctionalityTest" time="0.452"/>
  <testcase classname="com.OrangeHRMApplicationTestCases.OrangeHRMLoginPageTest" name="validatingOrangeHRMApplicationOrangeHRMIncFunctionalityTest" time="0.147"/>
  <testcase classname="com.OrangeHRMApplicationTestCases.OrangeHRMLoginPageTest" name="validatingorangeHRMLoginPageLinkedinTest" time="0.22"/>
  <testcase classname="com.OrangeHRMApplicationTestCases.OrangeHRMLoginPageTest" name="validatingorangeHRMLoginPageFacebookTest" time="0.171"/>
  <testcase classname="com.OrangeHRMApplicationTestCases.OrangeHRMLoginPageTest" name="validatingorangeHRMLoginPageTwitterTest" time="0.164"/>
  <testcase classname="com.OrangeHRMApplicationTestCases.OrangeHRMLoginPageTest" name="validatingorangeHRMLoginPageYouTubeTest" time="0.182"/>
</testsuite> <!-- Default test -->
